1659674429092	geckodriver	INFO	Listening on 127.0.0.1:14161
1659674432143	mozrunner::runner	INFO	Running command: "C:\\Program Files\\Mozilla Firefox\\firefox.exe" "--marionette" "--remote-debugging-port" "14162" "--remote-allow-hosts" "localhost" "-no-remote" "-profile" "C:\\Users\\ADMINI~1\\AppData\\Local\\Temp\\rust_mozprofilevVRQVD"
1659674463346	geckodriver	INFO	Listening on 127.0.0.1:14201
1659674466403	mozrunner::runner	INFO	Running command: "C:\\Program Files\\Mozilla Firefox\\firefox.exe" "--marionette" "--remote-debugging-port" "14202" "--remote-allow-hosts" "localhost" "-no-remote" "-profile" "C:\\Users\\ADMINI~1\\AppData\\Local\\Temp\\rust_mozprofileDZ5lsv"
1659674467750	Marionette	INFO	Marionette enabled
console.warn: SearchSettings: "get: No settings file exists, new profile?" (new NotFoundError("Could not open the file at C:\\Users\\ADMINI~1\\AppData\\Local\\Temp\\rust_mozprofileDZ5lsv\\search.json.mozlz4", (void 0)))
DevTools listening on ws://localhost:14202/devtools/browser/ff7ae642-d828-469a-8986-0f1b398779f1
1659674476115	Marionette	INFO	Listening on port 14250
Read port: 14250
console.error: Region.jsm: "Error fetching region" (new Error("TIMEOUT", "resource://gre/modules/Region.jsm", 772))
console.error: Region.jsm: "Failed to fetch region" (new Error("TIMEOUT", "resource://gre/modules/Region.jsm", 419))
1659674477188	RemoteAgent	WARN	TLS certificate errors will be ignored for this session
JavaScript warning: https://g.alicdn.com/??kissy/k/6.2.4/seed-min.js,kg/global-util/1.0.7/index-min.js,secdev/sufei_data/3.8.7/index.js, line 6: WebGL context was lost.
JavaScript warning: https://g.alicdn.com/AWSC/et/1.62.5/et_n.js, line 3: WEBGL_debug_renderer_info is deprecated in Firefox and will be removed. Please use RENDERER.
JavaScript warning: https://g.alicdn.com/AWSC/et/1.62.5/et_n.js, line 3: WebGL context was lost.
JavaScript warning: https://g.alicdn.com/??xlly/spl/rp.js,secdev/nsv/1.0.78/ns_e_88_3_n.js?v=1, line 5: WebGL context was lost.
JavaScript warning: https://g.alicdn.com/AWSC/et/1.62.5/et_n.js, line 3: WEBGL_debug_renderer_info is deprecated in Firefox and will be removed. Please use RENDERER.
JavaScript warning: https://g.alicdn.com/AWSC/et/1.62.5/et_n.js, line 3: WebGL context was lost.
JavaScript warning: https://g.alicdn.com/??xlly/spl/rp.js,secdev/nsv/1.0.78/ns_e_88_3_n.js?v=1, line 5: WebGL context was lost.
JavaScript warning: https://g.alicdn.com/AWSC/fireyejs/1.222.3/fireyejs.js, line 2: WEBGL_debug_renderer_info is deprecated in Firefox and will be removed. Please use RENDERER.
JavaScript warning: https://g.alicdn.com/secdev/sufei_data/3.9.10/index.js, line 1: WebGL context was lost.
JavaScript warning: https://g.alicdn.com/AWSC/uab/1.140.0/collina.js, line 4: WEBGL_debug_renderer_info is deprecated in Firefox and will be removed. Please use RENDERER.
JavaScript warning: https://g.alicdn.com/??kissy/k/6.2.4/seed-min.js,kg/global-util/1.0.7/index-min.js,secdev/sufei_data/3.8.7/index.js, line 6: WebGL context was lost.
JavaScript warning: https://g.alicdn.com/AWSC/et/1.62.5/et_n.js, line 3: WEBGL_debug_renderer_info is deprecated in Firefox and will be removed. Please use RENDERER.
JavaScript warning: https://g.alicdn.com/AWSC/et/1.62.5/et_n.js, line 3: WebGL context was lost.
JavaScript warning: https://g.alicdn.com/??xlly/spl/rp.js,secdev/nsv/1.0.78/ns_e_88_3_n.js?v=1, line 5: WebGL context was lost.
console.warn: LoginRecipes: "getRecipes: falling back to a synchronous message for:" "https://www.taobao.com"
JavaScript warning: https://g.alicdn.com/secdev/sufei_data/3.9.10/index.js, line 1: WebGL context was lost.
JavaScript warning: https://g.alicdn.com/AWSC/et/1.62.5/et_n.js, line 3: WEBGL_debug_renderer_info is deprecated in Firefox and will be removed. Please use RENDERER.
JavaScript warning: https://g.alicdn.com/AWSC/et/1.62.5/et_n.js, line 3: WebGL context was lost.
JavaScript warning: https://g.alicdn.com/??xlly/spl/rp.js,secdev/nsv/1.0.78/ns_e_88_3_n.js?v=1, line 5: WebGL context was lost.
1659674666567	Marionette	INFO	Stopped listening on port 14250

###!!! [Child][PContentChild] Error: Send(msgname=PHttpChannel::Msg_Cancel) Channel closing: too late to send/recv, messages will be lost


###!!! [Child][PContentChild] Error: Send(msgname=PHttpChannel::Msg_DeletingChannel) Channel closing: too late to send/recv, messages will be lost

console.warn: TopSitesFeed: Failed to fetch data from Contile server: NetworkError when attempting to fetch resource.
Error("Could not open the file at C:\\Users\\ADMINI~1\\AppData\\Local\\Temp\\rust_mozprofileFFfWVe\\search.json.mozlz4", (void 0)))
DevTools listening on ws://localhost:14398/devtools/browser/e19a69d9-1470-4136-8a21-6352e22e5b80
1659674570780	Marionette	INFO	Listening on port 14418
Read port: 14418
1659674571076	RemoteAgent	WARN	TLS certificate errors will be ignored for this session
JavaScript warning: https://g.alicdn.com/??kissy/k/6.2.4/seed-min.js,kg/global-util/1.0.7/index-min.js,secdev/sufei_data/3.8.7/index.js, line 6: WebGL context was lost.
JavaScript warning: https://g.alicdn.com/AWSC/et/1.62.5/et_n.js, line 3: WEBGL_debug_renderer_info is deprecated in Firefox and will be removed. Please use RENDERER.
JavaScript warning: https://g.alicdn.com/AWSC/et/1.62.5/et_n.js, line 3: WebGL context was lost.
JavaScript warning: https://g.alicdn.com/??xlly/spl/rp.js,secdev/nsv/1.0.78/ns_e_88_3_n.js?v=1, line 5: WebGL context was lost.
1659674583439	Marionette	INFO	Stopped listening on port 14418
console.warn: TopSitesFeed: Failed to fetch data from Contile server: NetworkError when attempting to fetch resource.

###!!! [Parent][PGPUParent] Error: RunMessage(msgname=PGPU::Msg_ShutdownVR) Channel closing: too late to send/recv, messages will be lost

1659674599760	geckodriver	INFO	Listening on 127.0.0.1:14506
1659674602780	mozrunner::runner	INFO	Running command: "C:\\Program Files\\Mozilla Firefox\\firefox.exe" "--marionette" "--remote-debugging-port" "14507" "--remote-allow-hosts" "localhost" "-no-remote" "-profile" "C:\\Users\\ADMINI~1\\AppData\\Local\\Temp\\rust_mozprofileAtoB2l"
1659674603209	Marionette	INFO	Marionette enabled
console.warn: SearchSettings: "get: No settings file exists, new profile?" (new NotFoundError("Could not open the file at C:\\Users\\ADMINI~1\\AppData\\Local\\Temp\\rust_mozprofileAtoB2l\\search.json.mozlz4", (void 0)))
DevTools listening on ws://localhost:14507/devtools/browser/515f3803-2918-4220-8653-3d6f0fde5f23
1659674606645	Marionette	INFO	Listening on port 14526
Read port: 14526
1659674607042	RemoteAgent	WARN	TLS certificate errors will be ignored for this session
1659674619320	Marionette	INFO	Stopped listening on port 14526
console.warn: TopSitesFeed: Failed to fetch data from Contile server: NetworkError when attempting to fetch resource.
JavaScript error: chrome://remote/content/marionette/cert.js, line 55: NS_ERROR_NOT_AVAILABLE: Component returned failure code: 0x80040111 (NS_ERROR_NOT_AVAILABLE) [nsICertOverrideService.setDisableAllSecurityChecksAndLetAttackersInterceptMyData]
1659674636085	geckodriver	INFO	Listening on 127.0.0.1:14566
1659674639109	mozrunner::runner	INFO	Running command: "C:\\Program Files\\Mozilla Firefox\\firefox.exe" "--marionette" "--remote-debugging-port" "14567" "--remote-allow-hosts" "localhost" "-no-remote" "-profile" "C:\\Users\\ADMINI~1\\AppData\\Local\\Temp\\rust_mozprofileN9sBB7"
1659674639528	Marionette	INFO	Marionette enabled
console.warn: SearchSettings: "get: No settings file exists, new profile?" (new NotFoundError("Could not open the file at C:\\Users\\ADMINI~1\\AppData\\Local\\Temp\\rust_mozprofileN9sBB7\\search.json.mozlz4", (void 0)))
DevTools listening on ws://localhost:14567/devtools/browser/55f8372e-a668-45dc-ad80-058127c96fd4
1659674642789	Marionette	INFO	Listening on port 14588
Read port: 14588
1659674643009	RemoteAgent	WARN	TLS certificate errors will be ignored for this session
1659674652491	Marionette	INFO	Stopped listening on port 14588
console.warn: TopSitesFeed: Failed to fetch data from Contile server: NetworkError when attempting to fetch resource.
JavaScript error: chrome://remote/content/marionette/cert.js, line 55: NS_ERROR_NOT_AVAILABLE: Component returned failure code: 0x80040111 (NS_ERROR_NOT_AVAILABLE) [nsICertOverrideService.setDisableAllSecurityChecksAndLetAttackersInterceptMyData]
1659674715912	geckodriver	INFO	Listening on 127.0.0.1:14759
1659674718936	mozrunner::runner	INFO	Running command: "C:\\Program Files\\Mozilla Firefox\\firefox.exe" "--marionette" "--remote-debugging-port" "14760" "--remote-allow-hosts" "localhost" "-no-remote" "-profile" "C:\\Users\\ADMINI~1\\AppData\\Local\\Temp\\rust_mozprofileudjGtu"
1659674719405	Marionette	INFO	Marionette enabled
console.warn: SearchSettings: "get: No settings file exists, new profile?" (new NotFoundError("Could not open the file at C:\\Users\\ADMINI~1\\AppData\\Local\\Temp\\rust_mozprofileudjGtu\\search.json.mozlz4", (void 0)))
DevTools listening on ws://localhost:14760/devtools/browser/4ceac479-1b78-44eb-8a89-c9e41a21b426
1659674722470	Marionette	INFO	Listening on port 14796
Read port: 14796
1659674722751	RemoteAgent	WARN	TLS certificate errors will be ignored for this session
JavaScript warning: https://g.alicdn.com/??kissy/k/6.2.4/seed-min.js,kg/global-util/1.0.7/index-min.js,secdev/sufei_data/3.8.7/index.js, line 6: WebGL context was lost.
1659674728385	Marionette	INFO	Stopped listening on port 14796
console.warn: TopSitesFeed: Failed to fetch data from Contile server: NetworkError when attempting to fetch resource.
1659674734240	geckodriver	INFO	Listening on 127.0.0.1:14865
1659674737257	mozrunner::runner	INFO	Running command: "C:\\Program Files\\Mozilla Firefox\\firefox.exe" "--marionette" "--remote-debugging-port" "14866" "--remote-allow-hosts" "localhost" "-no-remote" "-profile" "C:\\Users\\ADMINI~1\\AppData\\Local\\Temp\\rust_mozprofileeY5hsU"
1659674737725	Marionette	INFO	Marionette enabled
console.warn: SearchSettings: "get: No settings file exists, new profile?" (new NotFoundError("Could not open the file at C:\\Users\\ADMINI~1\\AppData\\Local\\Temp\\rust_mozprofileeY5hsU\\search.json.mozlz4", (void 0)))
DevTools listening on ws://localhost:14866/devtools/browser/8d133275-7015-4181-a5f5-a17c74a68909
1659674741154	Marionette	INFO	Listening on port 14898
Read port: 14898
1659674741539	RemoteAgent	WARN	TLS certificate errors will be ignored for this session
JavaScript warning: https://g.alicdn.com/??kissy/k/6.2.4/seed-min.js,kg/global-util/1.0.7/index-min.js,secdev/sufei_data/3.8.7/index.js, line 6: WebGL context was lost.
JavaScript warning: https://g.alicdn.com/??xlly/spl/rp.js,secdev/nsv/1.0.78/ns_e_88_3_n.js?v=1, line 5: WebGL context was lost.
JavaScript warning: https://g.alicdn.com/AWSC/et/1.62.5/et_n.js, line 3: WEBGL_debug_renderer_info is deprecated in Firefox and will be removed. Please use RENDERER.
JavaScript warning: https://g.alicdn.com/AWSC/et/1.62.5/et_n.js, line 3: WebGL context was lost.
JavaScript warning: https://g.alicdn.com/AWSC/et/1.62.5/et_n.js, line 3: WEBGL_debug_renderer_info is deprecated in Firefox and will be removed. Please use RENDERER.
JavaScript warning: https://g.alicdn.com/AWSC/et/1.62.5/et_n.js, line 3: WebGL context was lost.
JavaScript warning: https://g.alicdn.com/??xlly/spl/rp.js,secdev/nsv/1.0.78/ns_e_88_3_n.js?v=1, line 5: WebGL context was lost.
JavaScript warning: https://g.alicdn.com/AWSC/fireyejs/1.222.3/fireyejs.js, line 2: WEBGL_debug_renderer_info is deprecated in Firefox and will be removed. Please use RENDERER.
JavaScript warning: https://g.alicdn.com/secdev/sufei_data/3.9.10/index.js, line 1: WebGL context was lost.
JavaScript warning: https://g.alicdn.com/AWSC/uab/1.140.0/collina.js, line 4: WEBGL_debug_renderer_info is deprecated in Firefox and will be removed. Please use RENDERER.
JavaScript warning: https://g.alicdn.com/AWSC/et/1.62.1/et_n.js, line 1: WEBGL_debug_renderer_info is deprecated in Firefox and will be removed. Please use RENDERER.
JavaScript warning: https://g.alicdn.com/AWSC/et/1.62.1/et_n.js, line 4: WebGL context was lost.
JavaScript warning: https://g.alicdn.com/AWSC/fireyejs/1.222.3/fireyejs.js, line 2: WEBGL_debug_renderer_info is deprecated in Firefox and will be removed. Please use RENDERER.
JavaScript warning: https://g.alicdn.com/AWSC/uab/1.140.0/collina.js, line 4: WEBGL_debug_renderer_info is deprecated in Firefox and will be removed. Please use RENDERER.
JavaScript warning: https://g.alicdn.com/secdev/sufei_data/3.9.10/index.js, line 1: WebGL context was lost.
JavaScript warning: https://g.alicdn.com/??xlly/spl/rp.js,secdev/nsv/1.0.78/ns_e_88_3_n.js?v=1, line 5: WebGL context was lost.
JavaScript warning: https://g.alicdn.com/??kissy/k/6.2.4/seed-min.js,kg/global-util/1.0.7/index-min.js,secdev/sufei_data/3.8.7/index.js, line 6: WebGL context was lost.
JavaScript warning: https://g.alicdn.com/AWSC/et/1.62.5/et_n.js, line 3: WEBGL_debug_renderer_info is deprecated in Firefox and will be removed. Please use RENDERER.
JavaScript warning: https://g.alicdn.com/AWSC/et/1.62.5/et_n.js, line 3: WebGL context was lost.
JavaScript warning: https://g.alicdn.com/??xlly/spl/rp.js,secdev/nsv/1.0.78/ns_e_88_3_n.js?v=1, line 5: WebGL context was lost.
JavaScript warning: https://g.alicdn.com/AWSC/et/1.62.1/et_n.js, line 1: WEBGL_debug_renderer_info is deprecated in Firefox and will be removed. Please use RENDERER.
JavaScript warning: https://g.alicdn.com/AWSC/et/1.62.1/et_n.js, line 4: WebGL context was lost.
JavaScript warning: https://g.alicdn.com/AWSC/fireyejs/1.222.3/fireyejs.js, line 2: WEBGL_debug_renderer_info is deprecated in Firefox and will be removed. Please use RENDERER.
JavaScript warning: https://g.alicdn.com/AWSC/uab/1.140.0/collina.js, line 4: WEBGL_debug_renderer_info is deprecated in Firefox and will be removed. Please use RENDERER.
JavaScript warning: https://g.alicdn.com/secdev/sufei_data/3.9.10/index.js, line 1: WebGL context was lost.
JavaScript warning: https://g.alicdn.com/??xlly/spl/rp.js,secdev/nsv/1.0.78/ns_e_88_3_n.js?v=1, line 5: WebGL context was lost.
JavaScript warning: https://g.alicdn.com/secdev/sufei_data/3.9.10/index.js, line 1: WebGL context was lost.
JavaScript warning: https://g.alicdn.com/??xlly/spl/rp.js,secdev/nsv/1.0.78/ns_e_88_3_n.js?v=1, line 5: WebGL context was lost.
JavaScript warning: https://g.alicdn.com/AWSC/et/1.62.5/et_n.js, line 3: WEBGL_debug_renderer_info is deprecated in Firefox and will be removed. Please use RENDERER.
JavaScript warning: https://g.alicdn.com/AWSC/et/1.62.5/et_n.js, line 3: WebGL context was lost.
JavaScript warning: https://g.alicdn.com/AWSC/fireyejs/1.222.3/fireyejs.js, line 2: WEBGL_debug_renderer_info is deprecated in Firefox and will be removed. Please use RENDERER.
JavaScript warning: https://g.alicdn.com/AWSC/et/1.62.1/et_n.js, line 1: WEBGL_debug_renderer_info is deprecated in Firefox and will be removed. Please use RENDERER.
JavaScript warning: https://g.alicdn.com/AWSC/et/1.62.1/et_n.js, line 4: WebGL context was lost.
JavaScript warning: https://g.alicdn.com/AWSC/fireyejs/1.222.3/fireyejs.js, line 2: WEBGL_debug_renderer_info is deprecated in Firefox and will be removed. Please use RENDERER.
JavaScript warning: https://g.alicdn.com/AWSC/uab/1.140.0/collina.js, line 4: WEBGL_debug_renderer_info is deprecated in Firefox and will be removed. Please use RENDERER.
JavaScript warning: https://g.alicdn.com/secdev/sufei_data/3.9.10/index.js, line 1: WebGL context was lost.
JavaScript warning: https://g.alicdn.com/??xlly/spl/rp.js,secdev/nsv/1.0.78/ns_e_88_3_n.js?v=1, line 5: WebGL context was lost.
JavaScript warning: https://g.alicdn.com/AWSC/fireyejs/1.222.3/fireyejs.js, line 2: WEBGL_debug_renderer_info is deprecated in Firefox and will be removed. Please use RENDERER.
JavaScript warning: https://g.alicdn.com/secdev/sufei_data/3.9.10/index.js, line 1: WebGL context was lost.
JavaScript warning: https://g.alicdn.com/??xlly/spl/rp.js,secdev/nsv/1.0.78/ns_e_88_3_n.js?v=1, line 5: WebGL context was lost.
JavaScript warning: https://g.alicdn.com/AWSC/et/1.62.5/et_n.js, line 3: WEBGL_debug_renderer_info is deprecated in Firefox and will be removed. Please use RENDERER.
JavaScript warning: https://g.alicdn.com/AWSC/et/1.62.5/et_n.js, line 3: WebGL context was lost.
JavaScript warning: https://g.alicdn.com/??kissy/k/6.2.4/seed-min.js,kg/global-util/1.0.7/index-min.js,secdev/sufei_data/3.8.7/index.js, line 6: WebGL context was lost.
JavaScript warning: https://g.alicdn.com/??xlly/spl/rp.js,secdev/nsv/1.0.78/ns_e_88_3_n.js?v=1, line 5: WebGL context was lost.
JavaScript warning: https://g.alicdn.com/AWSC/et/1.62.5/et_n.js, line 3: WEBGL_debug_renderer_info is deprecated in Firefox and will be removed. Please use RENDERER.
JavaScript warning: https://g.alicdn.com/AWSC/et/1.62.5/et_n.js, line 3: WebGL context was lost.
1659674852791	Marionette	INFO	Stopped listening on port 14898
console.warn: TopSitesFeed: Failed to fetch data from Contile server: NetworkError when attempting to fetch resource.

###!!! [Parent][PGPUParent] Error: RunMessage(msgname=PGPU::Msg_ShutdownVR) Channel closing: too late to send/recv, messages will be lost

1659674973236	geckodriver	INFO	Listening on 127.0.0.1:1223
1659674976243	mozrunner::runner	INFO	Running command: "C:\\Program Files\\Mozilla Firefox\\firefox.exe" "--marionette" "--remote-debugging-port" "1224" "--remote-allow-hosts" "localhost" "-no-remote" "-profile" "C:\\Users\\ADMINI~1\\AppData\\Local\\Temp\\rust_mozprofileBitVa5"
1659674976703	Marionette	INFO	Marionette enabled
console.warn: SearchSettings: "get: No settings file exists, new profile?" (new NotFoundError("Could not open the file at C:\\Users\\ADMINI~1\\AppData\\Local\\Temp\\rust_mozprofileBitVa5\\search.json.mozlz4", (void 0)))
DevTools listening on ws://localhost:1224/devtools/browser/7420dc87-2d00-4458-9428-8103aaaf74c3
1659674979639	Marionette	INFO	Listening on port 1250
Read port: 1250
1659674979808	RemoteAgent	WARN	TLS certificate errors will be ignored for this session
JavaScript warning: https://g.alicdn.com/??kissy/k/6.2.4/seed-min.js,kg/global-util/1.0.7/index-min.js,secdev/sufei_data/3.8.7/index.js, line 6: WebGL context was lost.
JavaScript warning: https://g.alicdn.com/AWSC/et/1.62.5/et_n.js, line 3: WEBGL_debug_renderer_info is deprecated in Firefox and will be removed. Please use RENDERER.
JavaScript warning: https://g.alicdn.com/AWSC/et/1.62.5/et_n.js, line 3: WebGL context was lost.
JavaScript warning: https://g.alicdn.com/??xlly/spl/rp.js,secdev/nsv/1.0.78/ns_e_88_3_n.js?v=1, line 5: WebGL context was lost.
1659675019169	Marionette	INFO	Stopped listening on port 1250
console.warn: TopSitesFeed: Failed to fetch data from Contile server: NetworkError when attempting to fetch resource.
remote-debugging-port" "1336" "--remote-allow-hosts" "localhost" "-no-remote" "-profile" "C:\\Users\\ADMINI~1\\AppData\\Local\\Temp\\rust_mozprofileoc9aSH"
1659675003628	Marionette	INFO	Marionette enabled
console.warn: SearchSettings: "get: No settings file exists, new profile?" (new NotFoundError("Could not open the file at C:\\Users\\ADMINI~1\\AppData\\Local\\Temp\\rust_mozprofileoc9aSH\\search.json.mozlz4", (void 0)))
DevTools listening on ws://localhost:1336/devtools/browser/29bf7477-8d59-4df4-8d86-f181fdcdc3a0
1659675006764	Marionette	INFO	Listening on port 1361
Read port: 1361
1659675007201	RemoteAgent	WARN	TLS certificate errors will be ignored for this session
JavaScript warning: https://g.alicdn.com/??kissy/k/6.2.4/seed-min.js,kg/global-util/1.0.7/index-min.js,secdev/sufei_data/3.8.7/index.js, line 6: WebGL context was lost.
JavaScript warning: https://g.alicdn.com/AWSC/et/1.62.5/et_n.js, line 3: WEBGL_debug_renderer_info is deprecated in Firefox and will be removed. Please use RENDERER.
JavaScript warning: https://g.alicdn.com/AWSC/et/1.62.5/et_n.js, line 3: WebGL context was lost.
JavaScript warning: https://g.alicdn.com/??xlly/spl/rp.js,secdev/nsv/1.0.78/ns_e_88_3_n.js?v=1, line 5: WebGL context was lost.
JavaScript warning: https://g.alicdn.com/AWSC/et/1.62.1/et_n.js, line 1: WEBGL_debug_renderer_info is deprecated in Firefox and will be removed. Please use RENDERER.
JavaScript warning: https://g.alicdn.com/AWSC/et/1.62.1/et_n.js, line 4: WebGL context was lost.
JavaScript warning: https://g.alicdn.com/AWSC/fireyejs/1.222.3/fireyejs.js, line 2: WEBGL_debug_renderer_info is deprecated in Firefox and will be removed. Please use RENDERER.
JavaScript warning: https://g.alicdn.com/AWSC/uab/1.140.0/collina.js, line 4: WEBGL_debug_renderer_info is deprecated in Firefox and will be removed. Please use RENDERER.
JavaScript warning: https://g.alicdn.com/??xlly/spl/rp.js,secdev/nsv/1.0.78/ns_e_88_3_n.js?v=1, line 5: WebGL context was lost.
JavaScript warning: https://g.alicdn.com/secdev/sufei_data/3.9.10/index.js, line 1: WebGL context was lost.
JavaScript warning: https://g.alicdn.com/secdev/sufei_data/3.9.10/index.js, line 1: WebGL context was lost.
JavaScript warning: https://g.alicdn.com/??xlly/spl/rp.js,secdev/nsv/1.0.78/ns_e_88_3_n.js?v=1, line 5: WebGL context was lost.
JavaScript warning: https://g.alicdn.com/AWSC/et/1.62.5/et_n.js, line 3: WEBGL_debug_renderer_info is deprecated in Firefox and will be removed. Please use RENDERER.
JavaScript warning: https://g.alicdn.com/AWSC/et/1.62.5/et_n.js, line 3: WebGL context was lost.
1659675189332	Marionette	INFO	Stopped listening on port 1361
console.warn: TopSitesFeed: Failed to fetch data from Contile server: NetworkError when attempting to fetch resource.
[Parent 7768, IPC I/O Parent] WARNING: file /builds/worker/checkouts/gecko/ipc/chromium/src/base/process_util_win.cc:167

###!!! [Parent][PGPUParent] Error: RunMessage(msgname=PGPU::Msg_ShutdownVR) Channel closing: too late to send/recv, messages will be lost

, new profile?" (new NotFoundError("Could not open the file at C:\\Users\\ADMINI~1\\AppData\\Local\\Temp\\rust_mozprofilexNvXc9\\search.json.mozlz4", (void 0)))
DevTools listening on ws://localhost:1551/devtools/browser/2830798d-a62f-4606-8634-33994702b0c7
1659675172444	Marionette	INFO	Listening on port 1578
Read port: 1578
1659675172749	RemoteAgent	WARN	TLS certificate errors will be ignored for this session
1659675188400	Marionette	INFO	Stopped listening on port 1578
console.warn: TopSitesFeed: Failed to fetch data from Contile server: NetworkError when attempting to fetch resource.
JavaScript error: chrome://remote/content/marionette/cert.js, line 55: NS_ERROR_NOT_AVAILABLE: Component returned failure code: 0x80040111 (NS_ERROR_NOT_AVAILABLE) [nsICertOverrideService.setDisableAllSecurityChecksAndLetAttackersInterceptMyData]
1659675211084	geckodriver	INFO	Listening on 127.0.0.1:1632
1659675214114	mozrunner::runner	INFO	Running command: "C:\\Program Files\\Mozilla Firefox\\firefox.exe" "--marionette" "--remote-debugging-port" "1633" "--remote-allow-hosts" "localhost" "-no-remote" "-profile" "C:\\Users\\ADMINI~1\\AppData\\Local\\Temp\\rust_mozprofileu2FaFt"
1659675214554	Marionette	INFO	Marionette enabled
console.warn: SearchSettings: "get: No settings file exists, new profile?" (new NotFoundError("Could not open the file at C:\\Users\\ADMINI~1\\AppData\\Local\\Temp\\rust_mozprofileu2FaFt\\search.json.mozlz4", (void 0)))
DevTools listening on ws://localhost:1633/devtools/browser/7a76dde4-8f1d-44bd-b244-10b0e6693319
1659675217657	Marionette	INFO	Listening on port 1659
Read port: 1659
1659675217749	RemoteAgent	WARN	TLS certificate errors will be ignored for this session
JavaScript warning: https://g.alicdn.com/??kissy/k/6.2.4/seed-min.js,kg/global-util/1.0.7/index-min.js,secdev/sufei_data/3.8.7/index.js, line 6: WebGL context was lost.
JavaScript warning: https://g.alicdn.com/AWSC/et/1.62.5/et_n.js, line 3: WEBGL_debug_renderer_info is deprecated in Firefox and will be removed. Please use RENDERER.
JavaScript warning: https://g.alicdn.com/AWSC/et/1.62.5/et_n.js, line 3: WebGL context was lost.
JavaScript warning: https://g.alicdn.com/??xlly/spl/rp.js,secdev/nsv/1.0.78/ns_e_88_3_n.js?v=1, line 5: WebGL context was lost.
JavaScript warning: https://g.alicdn.com/AWSC/et/1.62.5/et_n.js, line 3: WEBGL_debug_renderer_info is deprecated in Firefox and will be removed. Please use RENDERER.
JavaScript warning: https://g.alicdn.com/AWSC/et/1.62.5/et_n.js, line 3: WebGL context was lost.
JavaScript warning: https://g.alicdn.com/??xlly/spl/rp.js,secdev/nsv/1.0.78/ns_e_88_3_n.js?v=1, line 5: WebGL context was lost.
JavaScript warning: https://g.alicdn.com/secdev/sufei_data/3.9.10/index.js, line 1: WebGL context was lost.
JavaScript warning: https://g.alicdn.com/AWSC/fireyejs/1.222.3/fireyejs.js, line 2: WEBGL_debug_renderer_info is deprecated in Firefox and will be removed. Please use RENDERER.
JavaScript warning: https://g.alicdn.com/AWSC/uab/1.140.0/collina.js, line 4: WEBGL_debug_renderer_info is deprecated in Firefox and will be removed. Please use RENDERER.
JavaScript warning: https://g.alicdn.com/AWSC/et/1.62.1/et_n.js, line 1: WEBGL_debug_renderer_info is deprecated in Firefox and will be removed. Please use RENDERER.
JavaScript warning: https://g.alicdn.com/AWSC/et/1.62.1/et_n.js, line 4: WebGL context was lost.
JavaScript warning: https://g.alicdn.com/AWSC/fireyejs/1.222.3/fireyejs.js, line 2: WEBGL_debug_renderer_info is deprecated in Firefox and will be removed. Please use RENDERER.
JavaScript warning: https://g.alicdn.com/AWSC/uab/1.140.0/collina.js, line 4: WEBGL_debug_renderer_info is deprecated in Firefox and will be removed. Please use RENDERER.
JavaScript warning: https://g.alicdn.com/secdev/sufei_data/3.9.10/index.js, line 1: WebGL context was lost.
JavaScript warning: https://g.alicdn.com/??xlly/spl/rp.js,secdev/nsv/1.0.78/ns_e_88_3_n.js?v=1, line 5: WebGL context was lost.
1659675276083	Marionette	INFO	Stopped listening on port 1659
console.warn: TopSitesFeed: Failed to fetch data from Contile server: NetworkError when attempting to fetch resource.
[Parent 6508, IPC I/O Parent] WARNING: file /builds/worker/checkouts/gecko/ipc/chromium/src/base/process_util_win.cc:167

###!!! [Parent][PGPUParent] Error: RunMessage(msgname=PGPU::Msg_ShutdownVR) Channel closing: too late to send/recv, messages will be lost

, new profile?" (new NotFoundError("Could not open the file at C:\\Users\\ADMINI~1\\AppData\\Local\\Temp\\rust_mozprofile9G7KAg\\search.json.mozlz4", (void 0)))
DevTools listening on ws://localhost:1776/devtools/browser/33703a1a-39a3-40b5-b2ec-72b8959afcd9
1659675271824	Marionette	INFO	Listening on port 1796
Read port: 1796
1659675272079	RemoteAgent	WARN	TLS certificate errors will be ignored for this session
JavaScript warning: https://g.alicdn.com/??kissy/k/6.2.4/seed-min.js,kg/global-util/1.0.7/index-min.js,secdev/sufei_data/3.8.7/index.js, line 6: WebGL context was lost.
JavaScript warning: https://g.alicdn.com/AWSC/et/1.62.5/et_n.js, line 3: WEBGL_debug_renderer_info is deprecated in Firefox and will be removed. Please use RENDERER.
JavaScript warning: https://g.alicdn.com/AWSC/et/1.62.5/et_n.js, line 3: WebGL context was lost.
JavaScript warning: https://g.alicdn.com/??xlly/spl/rp.js,secdev/nsv/1.0.78/ns_e_88_3_n.js?v=1, line 5: WebGL context was lost.
1659675334205	geckodriver	INFO	Listening on 127.0.0.1:1886
1659675337227	mozrunner::runner	INFO	Running command: "C:\\Program Files\\Mozilla Firefox\\firefox.exe" "--marionette" "--remote-debugging-port" "1887" "--remote-allow-hosts" "localhost" "-no-remote" "-profile" "C:\\Users\\ADMINI~1\\AppData\\Local\\Temp\\rust_mozprofilezgGc8A"
1659675337667	Marionette	INFO	Marionette enabled
console.warn: SearchSettings: "get: No settings file exists, new profile?" (new NotFoundError("Could not open the file at C:\\Users\\ADMINI~1\\AppData\\Local\\Temp\\rust_mozprofilezgGc8A\\search.json.mozlz4", (void 0)))
DevTools listening on ws://localhost:1887/devtools/browser/bbffd7a7-1e44-4716-895e-fd2c1420455e
1659675340828	Marionette	INFO	Listening on port 1909
Read port: 1909
1659675341053	RemoteAgent	WARN	TLS certificate errors will be ignored for this session
JavaScript warning: https://g.alicdn.com/??kissy/k/6.2.4/seed-min.js,kg/global-util/1.0.7/index-min.js,secdev/sufei_data/3.8.7/index.js, line 6: WebGL context was lost.
JavaScript error: https://x.alicdn.com/vip/havana-nlogin/0.7.13/index.js, line 1: Error: Permission denied to access property "type"
JavaScript warning: https://g.alicdn.com/AWSC/et/1.62.1/et_n.js, line 1: WEBGL_debug_renderer_info is deprecated in Firefox and will be removed. Please use RENDERER.
JavaScript warning: https://g.alicdn.com/AWSC/et/1.62.1/et_n.js, line 4: WebGL context was lost.
JavaScript warning: https://g.alicdn.com/AWSC/fireyejs/1.222.3/fireyejs.js, line 2: WEBGL_debug_renderer_info is deprecated in Firefox and will be removed. Please use RENDERER.
JavaScript warning: https://g.alicdn.com/AWSC/uab/1.140.0/collina.js, line 4: WEBGL_debug_renderer_info is deprecated in Firefox and will be removed. Please use RENDERER.
JavaScript warning: https://g.alicdn.com/secdev/sufei_data/3.9.10/index.js, line 1: WebGL context was lost.
JavaScript warning: https://g.alicdn.com/??xlly/spl/rp.js,secdev/nsv/1.0.78/ns_e_88_3_n.js?v=1, line 5: WebGL context was lost.
JavaScript warning: https://g.alicdn.com/??kissy/k/6.2.4/seed-min.js,kg/global-util/1.0.7/index-min.js,secdev/sufei_data/3.8.7/index.js, line 6: WebGL context was lost.
JavaScript warning: https://g.alicdn.com/AWSC/et/1.62.5/et_n.js, line 3: WEBGL_debug_renderer_info is deprecated in Firefox and will be removed. Please use RENDERER.
JavaScript warning: https://g.alicdn.com/AWSC/et/1.62.5/et_n.js, line 3: WebGL context was lost.
JavaScript warning: https://g.alicdn.com/??xlly/spl/rp.js,secdev/nsv/1.0.78/ns_e_88_3_n.js?v=1, line 5: WebGL context was lost.
JavaScript warning: https://g.alicdn.com/secdev/sufei_data/3.9.10/index.js, line 1: WebGL context was lost.
JavaScript warning: https://g.alicdn.com/AWSC/et/1.62.5/et_n.js, line 3: WEBGL_debug_renderer_info is deprecated in Firefox and will be removed. Please use RENDERER.
JavaScript warning: https://g.alicdn.com/AWSC/et/1.62.5/et_n.js, line 3: WebGL context was lost.
JavaScript warning: https://g.alicdn.com/??xlly/spl/rp.js,secdev/nsv/1.0.78/ns_e_88_3_n.js?v=1, line 5: WebGL context was lost.
1659675423659	Marionette	INFO	Stopped listening on port 1901659675424931	mozrunner::runner	INFO	Running command: "C:\\Program Files\\Mozilla Firefox\\firefox.exe" "--marionette" "--remote-debugging-port" "2039" "--remote-allow-hosts" "localhost" "-no-remote" "-profile" "C:\\Users\\ADMINI~1\\AppData\\Local\\Temp\\rust_mozprofile58hWFT"
1659675425374	Marionette	INFO	Marionette enabled
console.warn: SearchSettings: "get: No settings file exists, new profile?" (new NotFoundError("Could not open the file at C:\\Users\\ADMINI~1\\AppData\\Local\\Temp\\rust_mozprofile58hWFT\\search.json.mozlz4", (void 0)))
DevTools listening on ws://localhost:2039/devtools/browser/c91d1390-bbe9-4820-a65c-0909199d0b51
1659675428160	Marionette	INFO	Listening on port 2070
Read port: 2070
1659675428489	RemoteAgent	WARN	TLS certificate errors will be ignored for this session
JavaScript warning: https://g.alicdn.com/??kissy/k/6.2.4/seed-min.js,kg/global-util/1.0.7/index-min.js,secdev/sufei_data/3.8.7/index.js, line 6: WebGL context was lost.
JavaScript warning: https://g.alicdn.com/AWSC/et/1.62.1/et_n.js, line 1: WEBGL_debug_renderer_info is deprecated in Firefox and will be removed. Please use RENDERER.
JavaScript warning: https://g.alicdn.com/AWSC/et/1.62.1/et_n.js, line 4: WebGL context was lost.
JavaScript warning: https://g.alicdn.com/AWSC/fireyejs/1.222.3/fireyejs.js, line 2: WEBGL_debug_renderer_info is deprecated in Firefox and will be removed. Please use RENDERER.
JavaScript warning: https://g.alicdn.com/AWSC/uab/1.140.0/collina.js, line 4: WEBGL_debug_renderer_info is deprecated in Firefox and will be removed. Please use RENDERER.
JavaScript warning: https://g.alicdn.com/secdev/sufei_data/3.9.10/index.js, line 1: WebGL context was lost.
JavaScript warning: https://g.alicdn.com/??xlly/spl/rp.js,secdev/nsv/1.0.78/ns_e_88_3_n.js?v=1, line 5: WebGL context was lost.
JavaScript warning: https://g.alicdn.com/??kissy/k/6.2.4/seed-min.js,kg/global-util/1.0.7/index-min.js,secdev/sufei_data/3.8.7/index.js, line 6: WebGL context was lost.
JavaScript warning: https://g.alicdn.com/AWSC/et/1.62.5/et_n.js, line 3: WEBGL_debug_renderer_info is deprecated in Firefox and will be removed. Please use RENDERER.
JavaScript warning: https://g.alicdn.com/AWSC/et/1.62.5/et_n.js, line 3: WebGL context was lost.
JavaScript warning: https://g.alicdn.com/??xlly/spl/rp.js,secdev/nsv/1.0.78/ns_e_88_3_n.js?v=1, line 5: WebGL context was lost.
JavaScript warning: https://g.alicdn.com/secdev/sufei_data/3.9.10/index.js, line 1: WebGL context was lost.
JavaScript warning: https://g.alicdn.com/AWSC/et/1.62.5/et_n.js, line 3: WEBGL_debug_renderer_info is deprecated in Firefox and will be removed. Please use RENDERER.
JavaScript warning: https://g.alicdn.com/AWSC/et/1.62.5/et_n.js, line 3: WebGL context was lost.
JavaScript warning: https://g.alicdn.com/??xlly/spl/rp.js,secdev/nsv/1.0.78/ns_e_88_3_n.js?v=1, line 5: WebGL context was lost.
1659675537775	geckodriver	INFO	Listening on 127.0.0.1:2217
1659675540793	mozrunner::runner	INFO	Running command: "C:\\Program Files\\Mozilla Firefox\\firefox.exe" "--marionette" "--remote-debugging-port" "2218" "--remote-allow-hosts" "localhost" "-no-remote" "-profile" "C:\\Users\\ADMINI~1\\AppData\\Local\\Temp\\rust_mozprofile9ABlhY"
1659675541236	Marionette	INFO	Marionette enabled
console.warn: SearchSettings: "get: No settings file exists, new profile?" (new NotFoundError("Could not open the file at C:\\Users\\ADMINI~1\\AppData\\Local\\Temp\\rust_mozprofile9ABlhY\\search.json.mozlz4", (void 0)))
DevTools listening on ws://localhost:2218/devtools/browser/ef7e5915-d6c4-4af2-b327-241f57465cb8
1659675543921	Marionette	INFO	Listening on port 2241
Read port: 2241
1659675544102	RemoteAgent	WARN	TLS certificate errors will be ignored for this session
JavaScript warning: https://g.alicdn.com/??kissy/k/6.2.4/seed-min.js,kg/global-util/1.0.7/index-min.js,secdev/sufei_data/3.8.7/index.js, line 6: WebGL context was lost.
JavaScript error: https://x.alicdn.com/vip/havana-nlogin/0.7.13/index.js, line 1: Error: Permission denied to access property "type"
JavaScript warning: https://g.alicdn.com/AWSC/et/1.62.1/et_n.js, line 1: WEBGL_debug_renderer_info is deprecated in Firefox and will be removed. Please use RENDERER.
JavaScript warning: https://g.alicdn.com/AWSC/et/1.62.1/et_n.js, line 4: WebGL context was lost.
JavaScript warning: https://g.alicdn.com/AWSC/fireyejs/1.222.3/fireyejs.js, line 2: WEBGL_debug_renderer_info is deprecated in Firefox and will be removed. Please use RENDERER.
JavaScript warning: https://g.alicdn.com/AWSC/uab/1.140.0/collina.js, line 4: WEBGL_debug_renderer_info is deprecated in Firefox and will be removed. Please use RENDERER.
JavaScript warning: https://g.alicdn.com/secdev/sufei_data/3.9.10/index.js, line 1: WebGL context was lost.
JavaScript warning: https://g.alicdn.com/??xlly/spl/rp.js,secdev/nsv/1.0.78/ns_e_88_3_n.js?v=1, line 5: WebGL context was lost.
JavaScript warning: https://g.alicdn.com/??kissy/k/6.2.4/seed-min.js,kg/global-util/1.0.7/index-min.js,secdev/sufei_data/3.8.7/index.js, line 6: WebGL context was lost.
JavaScript warning: https://g.alicdn.com/AWSC/et/1.62.5/et_n.js, line 3: WEBGL_debug_renderer_info is deprecated in Firefox and will be removed. Please use RENDERER.
JavaScript warning: https://g.alicdn.com/AWSC/et/1.62.5/et_n.js, line 3: WebGL context was lost.
JavaScript warning: https://g.alicdn.com/??xlly/spl/rp.js,secdev/nsv/1.0.78/ns_e_88_3_n.js?v=1, line 5: WebGL context was lost.
JavaScript warning: https://g.alicdn.com/secdev/sufei_data/3.9.10/index.js, line 1: WebGL context was lost.
JavaScript warning: https://g.alicdn.com/AWSC/et/1.62.5/et_n.js, line 3: WEBGL_debug_renderer_info is deprecated in Firefox and will be removed. Please use RENDERER.
JavaScript warning: https://g.alicdn.com/AWSC/et/1.62.5/et_n.js, line 3: WebGL context was lost.
JavaScript warning: https://g.alicdn.com/??xlly/spl/rp.js,secdev/nsv/1.0.78/ns_e_88_3_n.js?v=1, line 5: WebGL context was lost.
1659675609049	geckodriver	INFO	Listening on 127.0.0.1:2353
1659675612068	mozrunner::runner	INFO	Running command: "C:\\Program Files\\Mozilla Firefox\\firefox.exe" "--marionette" "--remote-debugging-port" "2354" "--remote-allow-hosts" "localhost" "-no-remote" "-profile" "C:\\Users\\ADMINI~1\\AppData\\Local\\Temp\\rust_mozprofilek3VnQH"
1659675612532	Marionette	INFO	Marionette enabled
console.warn: SearchSettings: "get: No settings file exists, new profile?" (new NotFoundError("Could not open the file at C:\\Users\\ADMINI~1\\AppData\\Local\\Temp\\rust_mozprofilek3VnQH\\search.json.mozlz4", (void 0)))
JavaScript error: resource://activity-stream/lib/ActivityStreamPrefs.jsm, line 27: NS_ERROR_ILLEGAL_VALUE: Component returned failure code: 0x80070057 (NS_ERROR_ILLEGAL_VALUE) [nsIPrefBranch.removeObserver]
console.error: Region.jsm: "Error fetching region" (new TypeError("NetworkError when attempting to fetch resource.", ""))
console.error: Region.jsm: "Failed to fetch region" (new Error("NO_RESULT", "resource://gre/modules/Region.jsm", 419))

###!!! [Parent][PProfilerParent] Error: RunMessage(msgname=PProfiler::Reply_Stop) Channel closing: too late to send/recv, messages will be lost

JavaScript error: resource://gre/modules/JSONFile.jsm, line 186: Error: Data is not ready.
console.log: "RemoteSettingsWorker error: Error: Can't import when we've started shutting down."
console.warn: TopSitesFeed: Failed to fetch data from Contile server: NetworkError when attempting to fetch resource.
JavaScript error: resource://activity-stream/lib/PlacesFeed.jsm, line 178: NS_ERROR_UNEXPECTED: Component returned failure code: 0x8000ffff (NS_ERROR_UNEXPECTED) [nsINavBookmarksService.addObserver]
JavaScript error: resource://gre/modules/JSONFile.jsm, line 138: AbortError: IOUtils.profileBeforeChange getter: IOUtils: profileBeforeChange phase has already finished
console.log: "RemoteSettingsWorker error: Error: Can't import when we've started shutting down."
console.log: "RemoteSettingsWorker error: Error: Can't import when we've started shutting down."
1659675701572	geckodriver	INFO	Listening on 127.0.0.1:2408
1659675704597	mozrunner::runner	INFO	Running command: "C:\\Program Files\\Mozilla Firefox\\firefox.exe" "--marionette" "--remote-debugging-port" "2409" "--remote-allow-hosts" "localhost" "-no-remote" "-profile" "C:\\Users\\ADMINI~1\\AppData\\Local\\Temp\\rust_mozprofileiTjMfk"
1659675711370	geckodriver	INFO	Listening on 127.0.0.1:2418
1659675714393	mozrunner::runner	INFO	Running command: "C:\\Program Files\\Mozilla Firefox\\firefox.exe" "--marionette" "--remote-debugging-port" "2419" "--remote-allow-hosts" "localhost" "-no-remote" "-profile" "C:\\Users\\ADMINI~1\\AppData\\Local\\Temp\\rust_mozprofile5znQ9l"
1659675714774	Marionette	INFO	Marionette enabled
console.warn: SearchSettings: "get: No settings file exists, new profile?" (new NotFoundError("Could not open the file at C:\\Users\\ADMINI~1\\AppData\\Local\\Temp\\rust_mozprofile5znQ9l\\search.json.mozlz4", (void 0)))
DevTools listening on ws://localhost:2419/devtools/browser/83709954-2d1b-40bd-a038-06841abd638e
1659675717485	Marionette	INFO	Listening on port 2441
Read port: 2441
1659675717661	RemoteAgent	WARN	TLS certificate errors will be ignored for this session
JavaScript warning: https://g.alicdn.com/??kissy/k/6.2.4/seed-min.js,kg/global-util/1.0.7/index-min.js,secdev/sufei_data/3.8.7/index.js, line 6: WebGL context was lost.
JavaScript warning: https://g.alicdn.com/AWSC/et/1.62.1/et_n.js, line 1: WEBGL_debug_renderer_info is deprecated in Firefox and will be removed. Please use RENDERER.
JavaScript warning: https://g.alicdn.com/AWSC/et/1.62.1/et_n.js, line 4: WebGL context was lost.
JavaScript warning: https://g.alicdn.com/AWSC/fireyejs/1.222.3/fireyejs.js, line 2: WEBGL_debug_renderer_info is deprecated in Firefox and will be removed. Please use RENDERER.
JavaScript warning: https://g.alicdn.com/AWSC/uab/1.140.0/collina.js, line 4: WEBGL_debug_renderer_info is deprecated in Firefox and will be removed. Please use RENDERER.
JavaScript warning: https://g.alicdn.com/secdev/sufei_data/3.9.10/index.js, line 1: WebGL context was lost.
JavaScript warning: https://g.alicdn.com/??xlly/spl/rp.js,secdev/nsv/1.0.78/ns_e_88_3_n.js?v=1, line 5: WebGL context was lost.
JavaScript warning: https://g.alicdn.com/??kissy/k/6.2.4/seed-min.js,kg/global-util/1.0.7/index-min.js,secdev/sufei_data/3.8.7/index.js, line 6: WebGL context was lost.
JavaScript warning: https://g.alicdn.com/AWSC/et/1.62.5/et_n.js, line 3: WEBGL_debug_renderer_info is deprecated in Firefox and will be removed. Please use RENDERER.
JavaScript warning: https://g.alicdn.com/AWSC/et/1.62.5/et_n.js, line 3: WebGL context was lost.
JavaScript warning: https://g.alicdn.com/??xlly/spl/rp.js,secdev/nsv/1.0.78/ns_e_88_3_n.js?v=1, line 5: WebGL context was lost.
JavaScript warning: https://g.alicdn.com/secdev/sufei_data/3.9.10/index.js, line 1: WebGL context was lost.
JavaScript warning: https://g.alicdn.com/AWSC/et/1.62.5/et_n.js, line 3: WEBGL_debug_renderer_info is deprecated in Firefox and will be removed. Please use RENDERER.
JavaScript warning: https://g.alicdn.com/AWSC/et/1.62.5/et_n.js, line 3: WebGL context was lost.
JavaScript warning: https://g.alicdn.com/??xlly/spl/rp.js,secdev/nsv/1.0.78/ns_e_88_3_n.js?v=1, line 5: WebGL context was lost.
console.warn: LoginRecipes: "getRecipes: falling back to a synchronous message for:" "https://cart.taobao.com"
console.warn: LoginRecipes: "getRecipes: falling back to a synchronous message for:" "https://cart.taobao.com"
console.warn: LoginRecipes: "getRecipes: falling back to a synchronous message for:" "https://cart.taobao.com"
JavaScript warning: https://g.alicdn.com/AWSC/uab/1.140.0/collina.js, line 4: WEBGL_debug_renderer_info is deprecated in Firefox and will be removed. Please use RENDERER.
JavaScript warning: https://g.alicdn.com/secdev/sufei_data/3.9.10/index.js, line 1: WebGL context was lost.
JavaScript warning: https://g.alicdn.com/??xlly/spl/rp.js,secdev/nsv/1.0.78/ns_e_88_3_n.js?v=1, line 5: WebGL context was lost.
JavaScript warning: https://g.alicdn.com/AWSC/et/1.62.5/et_n.js, line 3: WEBGL_debug_renderer_info is deprecated in Firefox and will be removed. Please use RENDERER.
JavaScript warning: https://g.alicdn.com/AWSC/et/1.62.5/et_n.js, line 3: WebGL context was lost.
JavaScript warning: https://g.alicdn.com/secdev/sufei_data/3.9.10/index.js, line 1: WebGL context was lost.
JavaScript warning: https://g.alicdn.com/??xlly/spl/rp.js,secdev/nsv/1.0.78/ns_e_88_3_n.js?v=1, line 5: WebGL context was lost.
JavaScript warning: https://g.alicdn.com/AWSC/et/1.62.5/et_n.js, line 3: WEBGL_debug_renderer_info is deprecated in Firefox and will be removed. Please use RENDERER.
JavaScript warning: https://g.alicdn.com/AWSC/et/1.62.5/et_n.js, line 3: WebGL context was lost.
console.warn: LoginRecipes: "getRecipes: falling back to a synchronous message for:" "https://cart.taobao.com"
console.warn: LoginRecipes: "getRecipes: falling back to a synchronous message for:" "https://cart.taobao.com"
console.warn: LoginRecipes: "getRecipes: falling back to a synchronous message for:" "https://cart.taobao.com"
JavaScript warning: https://g.alicdn.com/secdev/sufei_data/3.9.10/index.js, line 1: WebGL context was lost.
JavaScript warning: https://g.alicdn.com/AWSC/et/1.62.5/et_n.js, line 3: WEBGL_debug_renderer_info is deprecated in Firefox and will be removed. Please use RENDERER.
JavaScript warning: https://g.alicdn.com/AWSC/et/1.62.5/et_n.js, line 3: WebGL context was lost.
JavaScript warning: https://g.alicdn.com/??xlly/spl/rp.js,secdev/nsv/1.0.78/ns_e_88_3_n.js?v=1, line 5: WebGL context was lost.
JavaScript warning: https://g.alicdn.com/AWSC/uab/1.140.0/collina.js, line 4: WEBGL_debug_renderer_info is deprecated in Firefox and will be removed. Please use RENDERER.
JavaScript warning: https://g.alicdn.com/secdev/sufei_data/3.9.10/index.js, line 1: WebGL context was lost.
JavaScript warning: https://g.alicdn.com/??xlly/spl/rp.js,secdev/nsv/1.0.78/ns_e_88_3_n.js?v=1, line 5: WebGL context was lost.
JavaScript warning: https://g.alicdn.com/AWSC/et/1.62.5/et_n.js, line 3: WEBGL_debug_renderer_info is deprecated in Firefox and will be removed. Please use RENDERER.
JavaScript warning: https://g.alicdn.com/AWSC/et/1.62.5/et_n.js, line 3: WebGL context was lost.
console.warn: LoginRecipes: "getRecipes: falling back to a synchronous message for:" "https://cart.taobao.com"
JavaScript warning: https://g.alicdn.com/??kissy/k/6.2.4/seed-min.js,kg/global-util/1.0.7/index-min.js,secdev/sufei_data/3.8.7/index.js, line 6: WebGL context was lost.
JavaScript warning: https://g.alicdn.com/secdev/sufei_data/3.9.10/index.js, line 1: WebGL context was lost.
JavaScript warning: https://g.alicdn.com/AWSC/et/1.62.5/et_n.js, line 3: WEBGL_debug_renderer_info is deprecated in Firefox and will be removed. Please use RENDERER.
JavaScript warning: https://g.alicdn.com/AWSC/et/1.62.5/et_n.js, line 3: WebGL context was lost.
JavaScript warning: https://g.alicdn.com/??xlly/spl/rp.js,secdev/nsv/1.0.78/ns_e_88_3_n.js?v=1, line 5: WebGL context was lost.
[Child 10984, MediaDecoderStateMachine #1] WARNING: 1ff69f96cd0 Could not set cubeb stream name.: file /builds/worker/checkouts/gecko/dom/media/AudioStream.cpp:327
JavaScript warning: https://g.alicdn.com/??xlly/spl/rp.js,secdev/nsv/1.0.78/ns_e_88_3_n.js?v=1, line 5: WebGL context was lost.
JavaScript warning: https://g.alicdn.com/AWSC/et/1.62.5/et_n.js, line 3: WEBGL_debug_renderer_info is deprecated in Firefox and will be removed. Please use RENDERER.
JavaScript warning: https://g.alicdn.com/AWSC/et/1.62.5/et_n.js, line 3: WebGL context was lost.
console.warn: LoginRecipes: "getRecipes: falling back to a synchronous message for:" "https://item.taobao.com"
JavaScript warning: https://g.alicdn.com/secdev/sufei_data/3.9.10/index.js, line 1: WebGL context was lost.
JavaScript warning: https://g.alicdn.com/??xlly/spl/rp.js,secdev/nsv/1.0.78/ns_e_88_3_n.js?v=1, line 5: WebGL context was lost.
JavaScript warning: https://g.alicdn.com/AWSC/et/1.62.5/et_n.js, line 3: WEBGL_debug_renderer_info is deprecated in Firefox and will be removed. Please use RENDERER.
JavaScript warning: https://g.alicdn.com/AWSC/et/1.62.5/et_n.js, line 3: WebGL context was lost.
JavaScript warning: https://g.alicdn.com/secdev/sufei_data/3.9.10/index.js, line 1: WebGL context was lost.
JavaScript warning: https://g.alicdn.com/??xlly/spl/rp.js,secdev/nsv/1.0.78/ns_e_88_3_n.js?v=1, line 5: WebGL context was lost.
JavaScript warning: https://g.alicdn.com/AWSC/et/1.62.5/et_n.js, line 3: WEBGL_debug_renderer_info is deprecated in Firefox and will be removed. Please use RENDERER.
JavaScript warning: https://g.alicdn.com/AWSC/et/1.62.5/et_n.js, line 3: WebGL context was lost.
Marionette threw an error: NotFoundError: WindowGlobalParent.getActor: No such JSWindowActor 'MarionetteCommands'
getMarionetteCommandsActorProxy/get/<@chrome://remote/content/marionette/actors/MarionetteCommandsParent.jsm:332:65
unregisterCommandsActor@chrome://remote/content/marionette/actors/MarionetteCommandsParent.jsm:396:15
GeckoDriver.prototype.deleteSession@chrome://remote/content/marionette/driver.js:2132:3
onClosed@chrome://remote/content/marionette/server.js:209:17
close@chrome://remote/content/marionette/transport.js:221:18
onInputStreamReady@chrome://remote/content/marionette/transport.js:375:14

JavaScript error: , line 0: NotFoundError: No such JSWindowActor 'MarionetteCommands'
1659675901781	Marionette	INFO	Stopped listening on port 2441

###!!! [Child][PContentChild] Error: RunMessage(msgname=PWebSocket::Msg___delete__) Channel closing: too late to send/recv, messages will be lost

console.warn: TopSitesFeed: Failed to fetch data from Contile server: NetworkError when attempting to fetch resource.
[Parent 11080, IPC I/O Parent] WARNING: file /builds/worker/checkouts/gecko/ipc/chromium/src/base/process_util_win.cc:167
1659675906480	geckodriver	INFO	Listening on 127.0.0.1:2700
1659675910606	geckodriver	INFO	Listening on 127.0.0.1:2706
1659675913629	mozrunner::runner	INFO	Running command: "C:\\Program Files\\Mozilla Firefox\\firefox.exe" "--marionette" "--remote-debugging-port" "2707" "--remote-allow-hosts" "localhost" "-no-remote" "-profile" "C:\\Users\\ADMINI~1\\AppData\\Local\\Temp\\rust_mozprofileTYJcFT"
1659675914006	Marionette	INFO	Marionette enabled
console.warn: SearchSettings: "get: No settings file exists, new profile?" (new NotFoundError("Could not open the file at C:\\Users\\ADMINI~1\\AppData\\Local\\Temp\\rust_mozprofileTYJcFT\\search.json.mozlz4", (void 0)))
DevTools listening on ws://localhost:2707/devtools/browser/b99192a1-c7fd-434d-a14e-47375a247934
1659675916910	Marionette	INFO	Listening on port 2732
Read port: 2732
1659675917266	RemoteAgent	WARN	TLS certificate errors will be ignored for this session
JavaScript warning: https://g.alicdn.com/??kissy/k/6.2.4/seed-min.js,kg/global-util/1.0.7/index-min.js,secdev/sufei_data/3.8.7/index.js, line 6: WebGL context was lost.
JavaScript warning: https://g.alicdn.com/secdev/sufei_data/3.9.10/index.js, line 1: WebGL context was lost.
JavaScript warning: https://g.alicdn.com/??xlly/spl/rp.js,secdev/nsv/1.0.78/ns_e_88_3_n.js?v=1, line 5: WebGL context was lost.
JavaScript warning: https://g.alicdn.com/AWSC/et/1.62.5/et_n.js, line 3: WEBGL_debug_renderer_info is deprecated in Firefox and will be removed. Please use RENDERER.
JavaScript warning: https://g.alicdn.com/AWSC/et/1.62.5/et_n.js, line 3: WebGL context was lost.
JavaScript warning: https://g.alicdn.com/AWSC/fireyejs/1.222.3/fireyejs.js, line 2: WEBGL_debug_renderer_info is deprecated in Firefox and will be removed. Please use RENDERER.
JavaScript error: https://g.alicdn.com/sd/ncpc/nc.js?t=2015052012, line 5: TypeError: l is null
JavaScript warning: https://g.alicdn.com/??kissy/k/6.2.4/seed-min.js,kg/global-util/1.0.7/index-min.js,secdev/sufei_data/3.8.7/index.js, line 6: WebGL context was lost.
JavaScript warning: https://g.alicdn.com/AWSC/et/1.62.5/et_n.js, line 3: WEBGL_debug_renderer_info is deprecated in Firefox and will be removed. Please use RENDERER.
JavaScript warning: https://g.alicdn.com/AWSC/et/1.62.5/et_n.js, line 3: WebGL context was lost.
JavaScript warning: https://g.alicdn.com/??xlly/spl/rp.js,secdev/nsv/1.0.78/ns_e_88_3_n.js?v=1, line 5: WebGL context was lost.
JavaScript warning: https://g.alicdn.com/secdev/sufei_data/3.9.10/index.js, line 1: WebGL context was lost.
JavaScript warning: https://g.alicdn.com/AWSC/et/1.62.5/et_n.js, line 3: WEBGL_debug_renderer_info is deprecated in Firefox and will be removed. Please use RENDERER.
JavaScript warning: https://g.alicdn.com/AWSC/et/1.62.5/et_n.js, line 3: WebGL context was lost.
JavaScript warning: https://g.alicdn.com/??xlly/spl/rp.js,secdev/nsv/1.0.78/ns_e_88_3_n.js?v=1, line 5: WebGL context was lost.
console.warn: LoginRecipes: "getRecipes: falling back to a synchronous message for:" "https://cart.taobao.com"
console.warn: LoginRecipes: "getRecipes: falling back to a synchronous message for:" "https://cart.taobao.com"
console.warn: LoginRecipes: "getRecipes: falling back to a synchronous message for:" "https://cart.taobao.com"
JavaScript warning: https://g.alicdn.com/secdev/sufei_data/3.9.10/index.js, line 1: WebGL context was lost.
JavaScript warning: https://g.alicdn.com/??xlly/spl/rp.js,secdev/nsv/1.0.78/ns_e_88_3_n.js?v=1, line 5: WebGL context was lost.
JavaScript warning: https://g.alicdn.com/AWSC/et/1.62.5/et_n.js, line 3: WEBGL_debug_renderer_info is deprecated in Firefox and will be removed. Please use RENDERER.
JavaScript warning: https://g.alicdn.com/AWSC/et/1.62.5/et_n.js, line 3: WebGL context was lost.
JavaScript warning: https://g.alicdn.com/AWSC/uab/1.140.0/collina.js, line 4: WEBGL_debug_renderer_info is deprecated in Firefox and will be removed. Please use RENDERER.
console.warn: LoginRecipes: "getRecipes: falling back to a synchronous message for:" "https://buy.taobao.com"
console.warn: LoginRecipes: "getRecipes: falling back to a synchronous message for:" "https://buy.taobao.com"
JavaScript warning: https://g.alicdn.com/secdev/sufei_data/3.9.10/index.js, line 1: WebGL context was lost.
JavaScript warning: https://g.alicdn.com/??xlly/spl/rp.js,secdev/nsv/1.0.78/ns_e_88_3_n.js?v=1, line 5: WebGL context was lost.
JavaScript warning: https://g.alicdn.com/AWSC/et/1.62.5/et_n.js, line 3: WEBGL_debug_renderer_info is deprecated in Firefox and will be removed. Please use RENDERER.
JavaScript warning: https://g.alicdn.com/AWSC/et/1.62.5/et_n.js, line 3: WebGL context was lost.
console.warn: LoginRecipes: "getRecipes: falling back to a synchronous message for:" "https://cashiersa128.alipay.com"
console.warn: LoginRecipes: "getRecipes: falling back to a synchronous message for:" "https://cashiersa128.alipay.com"
1659675986712	Marionette	INFO	Stopped listening on port 2732
console.warn: TopSitesFeed: Failed to fetch data from Contile server: NetworkError when attempting to fetch resource.
1659682381536	geckodriver	INFO	Listening on 127.0.0.1:7088
1659682384557	mozrunner::runner	INFO	Running command: "C:\\Program Files\\Mozilla Firefox\\firefox.exe" "--marionette" "--remote-debugging-port" "7089" "--remote-allow-hosts" "localhost" "-no-remote" "-profile" "C:\\Users\\ADMINI~1\\AppData\\Local\\Temp\\rust_mozprofilegQeNbV"
1659682385032	Marionette	INFO	Marionette enabled
console.warn: SearchSettings: "get: No settings file exists, new profile?" (new NotFoundError("Could not open the file at C:\\Users\\ADMINI~1\\AppData\\Local\\Temp\\rust_mozprofilegQeNbV\\search.json.mozlz4", (void 0)))
DevTools listening on ws://localhost:7089/devtools/browser/18db4eb3-1f75-4047-bce5-9791afed3a9c
1659682388137	Marionette	INFO	Listening on port 7111
Read port: 7111
1659682388462	RemoteAgent	WARN	TLS certificate errors will be ignored for this session
JavaScript warning: https://g.alicdn.com/??kissy/k/6.2.4/seed-min.js,kg/global-util/1.0.7/index-min.js,secdev/sufei_data/3.8.7/index.js, line 6: WebGL context was lost.
JavaScript error: https://x.alicdn.com/vip/havana-nlogin/0.7.13/index.js, line 1: Error: Permission denied to access property "type"
JavaScript warning: https://g.alicdn.com/AWSC/et/1.62.1/et_n.js, line 1: WEBGL_debug_renderer_info is deprecated in Firefox and will be removed. Please use RENDERER.
JavaScript warning: https://g.alicdn.com/AWSC/et/1.62.1/et_n.js, line 4: WebGL context was lost.
JavaScript warning: https://g.alicdn.com/AWSC/fireyejs/1.222.3/fireyejs.js, line 2: WEBGL_debug_renderer_info is deprecated in Firefox and will be removed. Please use RENDERER.
JavaScript warning: https://g.alicdn.com/AWSC/uab/1.140.0/collina.js, line 4: WEBGL_debug_renderer_info is deprecated in Firefox and will be removed. Please use RENDERER.
JavaScript warning: https://g.alicdn.com/secdev/sufei_data/3.9.10/index.js, line 1: WebGL context was lost.
JavaScript warning: https://g.alicdn.com/??xlly/spl/rp.js,secdev/nsv/1.0.78/ns_e_88_3_n.js?v=1, line 5: WebGL context was lost.
JavaScript warning: https://g.alicdn.com/??kissy/k/6.2.4/seed-min.js,kg/global-util/1.0.7/index-min.js,secdev/sufei_data/3.8.7/index.js, line 6: WebGL context was lost.
JavaScript warning: https://g.alicdn.com/AWSC/et/1.62.5/et_n.js, line 3: WEBGL_debug_renderer_info is deprecated in Firefox and will be removed. Please use RENDERER.
JavaScript warning: https://g.alicdn.com/AWSC/et/1.62.5/et_n.js, line 3: WebGL context was lost.
JavaScript warning: https://g.alicdn.com/??xlly/spl/rp.js,secdev/nsv/1.0.78/ns_e_88_3_n.js?v=1, line 5: WebGL context was lost.
JavaScript warning: https://g.alicdn.com/secdev/sufei_data/3.9.10/index.js, line 1: WebGL context was lost.
JavaScript warning: https://g.alicdn.com/AWSC/et/1.62.5/et_n.js, line 3: WEBGL_debug_renderer_info is deprecated in Firefox and will be removed. Please use RENDERER.
JavaScript warning: https://g.alicdn.com/AWSC/et/1.62.5/et_n.js, line 3: WebGL context was lost.
JavaScript warning: https://g.alicdn.com/??xlly/spl/rp.js,secdev/nsv/1.0.78/ns_e_88_3_n.js?v=1, line 5: WebGL context was lost.
console.warn: LoginRecipes: "getRecipes: falling back to a synchronous message for:" "https://cart.taobao.com"
console.warn: LoginRecipes: "getRecipes: falling back to a synchronous message for:" "https://cart.taobao.com"
console.warn: LoginRecipes: "getRecipes: falling back to a synchronous message for:" "https://cart.taobao.com"
JavaScript warning: https://g.alicdn.com/AWSC/uab/1.140.0/collina.js, line 4: WEBGL_debug_renderer_info is deprecated in Firefox and will be removed. Please use RENDERER.
JavaScript warning: https://g.alicdn.com/secdev/sufei_data/3.9.10/index.js, line 1: WebGL context was lost.
JavaScript warning: https://g.alicdn.com/AWSC/et/1.62.5/et_n.js, line 3: WEBGL_debug_renderer_info is deprecated in Firefox and will be removed. Please use RENDERER.
JavaScript warning: https://g.alicdn.com/AWSC/et/1.62.5/et_n.js, line 3: WebGL context was lost.
JavaScript warning: https://g.alicdn.com/??xlly/spl/rp.js,secdev/nsv/1.0.78/ns_e_88_3_n.js?v=1, line 5: WebGL context was lost.
JavaScript warning: https://g.alicdn.com/secdev/sufei_data/3.9.10/index.js, line 1: WebGL context was lost.
JavaScript warning: https://g.alicdn.com/AWSC/et/1.62.5/et_n.js, line 3: WEBGL_debug_renderer_info is deprecated in Firefox and will be removed. Please use RENDERER.
JavaScript warning: https://g.alicdn.com/AWSC/et/1.62.5/et_n.js, line 3: WebGL context was lost.
JavaScript warning: https://g.alicdn.com/??xlly/spl/rp.js,secdev/nsv/1.0.78/ns_e_88_3_n.js?v=1, line 5: WebGL context was lost.
Marionette threw an error: NotFoundError: WindowGlobalParent.getActor: No such JSWindowActor 'MarionetteCommands'
getMarionetteCommandsActorProxy/get/<@chrome://remote/content/marionette/actors/MarionetteCommandsParent.jsm:332:65
unregisterCommandsActor@chrome://remote/content/marionette/actors/MarionetteCommandsParent.jsm:396:15
GeckoDriver.prototype.deleteSession@chrome://remote/content/marionette/driver.js:2132:3
onClosed@chrome://remote/content/marionette/server.js:209:17
close@chrome://remote/content/marionette/transport.js:221:18
onInputStreamReady@chrome://remote/content/marionette/transport.js:375:14

JavaScript error: , line 0: NotFoundError: No such JSWindowActor 'MarionetteCommands'
console.warn: LoginRecipes: "getRecipes: falling back to a synchronous message for:" "https://cart.taobao.com"
console.warn: LoginRecipes: "getRecipes: falling back to a synchronous message for:" "https://cart.taobao.com"
console.warn: LoginRecipes: "getRecipes: falling back to a synchronous message for:" "https://cart.taobao.com"
JavaScript warning: https://g.alicdn.com/secdev/sufei_data/3.9.10/index.js, line 1: WebGL context was lost.
JavaScript warning: https://g.alicdn.com/AWSC/et/1.62.5/et_n.js, line 3: WEBGL_debug_renderer_info is deprecated in Firefox and will be removed. Please use RENDERER.
JavaScript warning: https://g.alicdn.com/AWSC/et/1.62.5/et_n.js, line 3: WebGL context was lost.
JavaScript warning: https://g.alicdn.com/??xlly/spl/rp.js,secdev/nsv/1.0.78/ns_e_88_3_n.js?v=1, line 5: WebGL context was lost.
JavaScript warning: https://g.alicdn.com/AWSC/uab/1.140.0/collina.js, line 4: WEBGL_debug_renderer_info is deprecated in Firefox and will be removed. Please use RENDERER.
JavaScript warning: https://g.alicdn.com/??xlly/spl/rp.js,secdev/nsv/1.0.78/ns_e_88_3_n.js?v=1, line 5: WebGL context was lost.
JavaScript warning: https://g.alicdn.com/secdev/sufei_data/3.9.10/index.js, line 1: WebGL context was lost.
JavaScript warning: https://g.alicdn.com/AWSC/et/1.62.5/et_n.js, line 3: WEBGL_debug_renderer_info is deprecated in Firefox and will be removed. Please use RENDERER.
JavaScript warning: https://g.alicdn.com/AWSC/et/1.62.5/et_n.js, line 3: WebGL context was lost.
1659682777943	Marionette	INFO	Stopped listening on port 7111
console.warn: TopSitesFeed: Failed to fetch data from Contile server: NetworkError when attempting to fetch resource.
console.error: services.settings: 
  blocklists/addons-bloomfilters Signature failed  TypeError: NetworkError: Network request failed
console.error: services.settings: 
  Message: TypeError: NetworkError: Network request failed
  Stack:
    fetch/</request.onerror@resource://services-settings/Utils.jsm:153:26

console.warn: services.settings: blocklists/gfx sync interrupted by shutdown
console.warn: services.settings: main/normandy-recipes-capabilities sync interrupted by shutdown
console.warn: services.settings: main/sites-classification sync interrupted by shutdown
